Documento recibido: 1058353174
Documento recibido: 1058353174
Documento recibido: 1058353174
Documento recibido: 1058353174
Documento recibido: 1058353174
Documento recibido: 1058353174
Documento recibido: 1058353174
Documento recibido: 1058353174
Documento recibido: 1058353174
Documento recibido: 1058353174
Aprendiz encontrado: {"IdAprendiz":1,"Nombre":"KAROLTH DANIELA PUERTO MANCHEGO","RH":"B+","TipoPrograma":"Tecn\u00f3logo","Programa":"An\u00e1lisis y desarrollo de software"}
Aprendiz encontrado: {"IdAprendiz":1,"Nombre":"KAROLTH DANIELA PUERTO MANCHEGO","RH":"B+","TipoPrograma":"Tecn\u00f3logo","Programa":"An\u00e1lisis y desarrollo de software"}
Aprendiz encontrado: {"IdAprendiz":1,"Nombre":"KAROLTH DANIELA PUERTO MANCHEGO","RH":"B+","TipoPrograma":"Tecn\u00f3logo","Programa":"An\u00e1lisis y desarrollo de software"}
Aprendiz encontrado: {"IdAprendiz":1,"Nombre":"KAROLTH DANIELA PUERTO MANCHEGO","RH":"B+","TipoPrograma":"Tecn\u00f3logo","Programa":"An\u00e1lisis y desarrollo de software"}
Aprendiz encontrado: {"IdAprendiz":1,"Nombre":"KAROLTH DANIELA PUERTO MANCHEGO","RH":"B+","TipoPrograma":"Tecn\u00f3logo","Programa":"An\u00e1lisis y desarrollo de software"}
Aprendiz encontrado: {"IdAprendiz":1,"Nombre":"KAROLTH DANIELA PUERTO MANCHEGO","RH":"B+","TipoPrograma":"Tecn\u00f3logo","Programa":"An\u00e1lisis y desarrollo de software"}
Aprendiz encontrado: {"IdAprendiz":1,"Nombre":"KAROLTH DANIELA PUERTO MANCHEGO","RH":"B+","TipoPrograma":"Tecn\u00f3logo","Programa":"An\u00e1lisis y desarrollo de software","documento":null}
Aprendiz encontrado: {"IdAprendiz":1,"Nombre":"KAROLTH DANIELA PUERTO MANCHEGO","RH":"B+","Documento":1058353174,"TipoPrograma":"Tecn\u00f3logo","Programa":"An\u00e1lisis y desarrollo de software","documento":null}
Aprendiz encontrado: {"IdAprendiz":1,"Nombre":"KAROLTH DANIELA PUERTO MANCHEGO","RH":"B+","Documento":"1058353174","TipoPrograma":"Tecn\u00f3logo","Programa":"An\u00e1lisis y desarrollo de software"}
Imagen encontrada: 
Aprendiz encontrado: {"IdAprendiz":1,"Nombre":"KAROLTH DANIELA PUERTO MANCHEGO","RH":"B+","TipoPrograma":"Tecn\u00f3logo","Programa":"An\u00e1lisis y desarrollo de software"}
Aprendiz encontrado: {"IdAprendiz":1,"Nombre":"KAROLTH DANIELA PUERTO MANCHEGO","RH":"B+","TipoPrograma":"Tecn\u00f3logo","Programa":"An\u00e1lisis y desarrollo de software"}
